Using pre-set license
Built from '2020.3/support/zd130524' branch; Version is '2020.3.36f1 (71f96b79b9f0) revision 7469419'; Using compiler version '192528614'; Build Type 'Release'
OS: 'Windows 10  (10.0.19044) 64bit Professional' Language: 'tr' Physical Memory: 8144 MB
BatchMode: 1, IsHumanControllingUs: 0, StartBugReporterOnCrash: 0, Is64bit: 1, IsPro: 0

COMMAND LINE ARGUMENTS:
C:\Program Files\Unity\Hub\Editor\2020.3.36f1\Editor\Unity.exe
-adb2
-batchMode
-noUpm
-name
AssetImportWorker0
-projectPath
D:/2022 UNITY DERS/ItsMyProject
-logFile
Logs/AssetImportWorker0.log
-srvPort
58812
Successfully changed project path to: D:/2022 UNITY DERS/ItsMyProject
D:/2022 UNITY DERS/ItsMyProject
Using Asset Import Pipeline V2.
Refreshing native plugins compatible for Editor in 132.98 ms, found 3 plugins.
Preloading 0 native plugins for Editor in 0.00 ms.
Initialize engine version: 2020.3.36f1 (71f96b79b9f0)
[Subsystems] Discovering subsystems at path C:/Program Files/Unity/Hub/Editor/2020.3.36f1/Editor/Data/Resources/UnitySubsystems
[Subsystems] Discovering subsystems at path D:/2022 UNITY DERS/ItsMyProject/Assets
GfxDevice: creating device client; threaded=0
Direct3D:
    Version:  Direct3D 11.0 [level 11.1]
    Renderer: NVIDIA GeForce GTX 1050 Ti (ID=0x1c82)
    Vendor:   
    VRAM:     4017 MB
    Driver:   31.0.15.2647
Initialize mono
Mono path[0] = 'C:/Program Files/Unity/Hub/Editor/2020.3.36f1/Editor/Data/Managed'
Mono path[1] = 'C:/Program Files/Unity/Hub/Editor/2020.3.36f1/Editor/Data/MonoBleedingEdge/lib/mono/unityjit'
Mono config path = 'C:/Program Files/Unity/Hub/Editor/2020.3.36f1/Editor/Data/MonoBleedingEdge/etc'
Using monoOptions --debugger-agent=transport=dt_socket,embedding=1,server=y,suspend=n,address=127.0.0.1:56124
Begin MonoManager ReloadAssembly
Registering precompiled unity dll's ...
Register platform support module: C:/Program Files/Unity/Hub/Editor/2020.3.36f1/Editor/Data/PlaybackEngines/WindowsStandaloneSupport/UnityEditor.WindowsStandalone.Extensions.dll
Registered in 0.002611 seconds.
Native extension for WindowsStandalone target not found
Refreshing native plugins compatible for Editor in 140.04 ms, found 3 plugins.
Preloading 0 native plugins for Editor in 0.00 ms.
Mono: successfully reloaded assembly
- Completed reload, in  1.038 seconds
Domain Reload Profiling:
	ReloadAssembly (1038ms)
		BeginReloadAssembly (124ms)
			ExecutionOrderSort (0ms)
			DisableScriptedObjects (0ms)
			BackupInstance (0ms)
			ReleaseScriptingObjects (0ms)
			CreateAndSetChildDomain (1ms)
		EndReloadAssembly (803ms)
			LoadAssemblies (121ms)
			RebuildTransferFunctionScriptingTraits (0ms)
			SetupTypeCache (241ms)
			ReleaseScriptCaches (0ms)
			RebuildScriptCaches (43ms)
			SetupLoadedEditorAssemblies (325ms)
				LogAssemblyErrors (0ms)
				InitializePlatformSupportModulesInManaged (8ms)
				SetLoadedEditorAssemblies (1ms)
				RefreshPlugins (140ms)
				BeforeProcessingInitializeOnLoad (13ms)
				ProcessInitializeOnLoadAttributes (119ms)
				ProcessInitializeOnLoadMethodAttributes (44ms)
				AfterProcessingInitializeOnLoad (0ms)
				EditorAssembliesLoaded (0ms)
			ExecutionOrderSort2 (0ms)
			AwakeInstancesAfterBackupRestoration (0ms)
Platform modules already initialized, skipping
Registering precompiled user dll's ...
Registered in 0.006241 seconds.
Begin MonoManager ReloadAssembly
Symbol file LoadedFromMemory doesn't match image D:\2022 UNITY DERS\ItsMyProject\Library\PackageCache\com.unity.visualscripting@1.7.8\Editor\VisualScripting.Core\Dependencies\YamlDotNet\Unity.VisualScripting.YamlDotNet.dll
Symbol file LoadedFromMemory doesn't match image D:\2022 UNITY DERS\ItsMyProject\Library\PackageCache\com.unity.visualscripting@1.7.8\Editor\VisualScripting.Core\Dependencies\DotNetZip\Unity.VisualScripting.IonicZip.dll
Native extension for WindowsStandalone target not found
Refreshing native plugins compatible for Editor in 119.47 ms, found 3 plugins.
Preloading 0 native plugins for Editor in 0.00 ms.
Mono: successfully reloaded assembly
- Completed reload, in  1.903 seconds
Domain Reload Profiling:
	ReloadAssembly (1905ms)
		BeginReloadAssembly (234ms)
			ExecutionOrderSort (0ms)
			DisableScriptedObjects (7ms)
			BackupInstance (0ms)
			ReleaseScriptingObjects (0ms)
			CreateAndSetChildDomain (30ms)
		EndReloadAssembly (1575ms)
			LoadAssemblies (198ms)
			RebuildTransferFunctionScriptingTraits (0ms)
			SetupTypeCache (542ms)
			ReleaseScriptCaches (1ms)
			RebuildScriptCaches (66ms)
			SetupLoadedEditorAssemblies (637ms)
				LogAssemblyErrors (0ms)
				InitializePlatformSupportModulesInManaged (4ms)
				SetLoadedEditorAssemblies (0ms)
				RefreshPlugins (120ms)
				BeforeProcessingInitializeOnLoad (105ms)
				ProcessInitializeOnLoadAttributes (374ms)
				ProcessInitializeOnLoadMethodAttributes (25ms)
				AfterProcessingInitializeOnLoad (9ms)
				EditorAssembliesLoaded (0ms)
			ExecutionOrderSort2 (0ms)
			AwakeInstancesAfterBackupRestoration (3ms)
Platform modules already initialized, skipping
========================================================================
Worker process is ready to serve import requests
Launched and connected shader compiler UnityShaderCompiler.exe after 0.08 seconds
Refreshing native plugins compatible for Editor in 1.38 ms, found 3 plugins.
Preloading 0 native plugins for Editor in 0.00 ms.
Unloading 3496 Unused Serialized files (Serialized files now loaded: 0)
System memory in use before: 201.3 MB.
System memory in use after: 201.5 MB.

Unloading 24 unused Assets to reduce memory usage. Loaded Objects now: 3938.
Total: 7.075200 ms (FindLiveObjects: 0.783300 ms CreateObjectMapping: 0.139400 ms MarkObjects: 6.045500 ms  DeleteObjects: 0.105800 ms)

AssetImportParameters requested are different than current active one (requested -> active):
  custom:framework-win-MediaFoundation: 216162199b28c13a410421893ffa2e32 -> 
  custom:video-decoder-ogg-theora: a1e56fd34408186e4bbccfd4996cb3dc -> 
  custom:container-muxer-webm: aa71ff27fc2769a1b78a27578f13a17b -> 
  custom:container-demuxer-webm: 4f35f7cbe854078d1ac9338744f61a02 -> 
  custom:container-demuxer-ogg: 62fdf1f143b41e24485cea50d1cbac27 -> 
  custom:video-encoder-webm-vp8: eb34c28f22e8b96e1ab97ce403110664 -> 
  custom:video-decoder-webm-vp8: 9c59270c3fd7afecdb556c50c9e8de78 -> 
  custom:audio-decoder-ogg-vorbis: bf7c407c2cedff20999df2af8eb42d56 -> 
  custom:audio-encoder-webm-vorbis: bf7c407c2cedff20999df2af8eb42d56 -> 
========================================================================
Received Import Request.
  path: Assets/player/fall.fbx
  artifactKey: Guid(8c9fc30b508cc544c81467a0d6f70924) Importer(815301076,1909f56bfc062723c751e8b465ee728b)
Start importing Assets/player/fall.fbx using Guid(8c9fc30b508cc544c81467a0d6f70924) Importer(815301076,1909f56bfc062723c751e8b465ee728b)  -> (artifact id: '2440bc33c806f076f683b5d3de166005') in 0.778484 seconds 
========================================================================
Received Import Request.
  Time since last request: 0.000335 seconds.
  path: Assets/player/runningslide.fbx
  artifactKey: Guid(bf0fe4293d5b70340820a2af6767be61) Importer(815301076,1909f56bfc062723c751e8b465ee728b)
Start importing Assets/player/runningslide.fbx using Guid(bf0fe4293d5b70340820a2af6767be61) Importer(815301076,1909f56bfc062723c751e8b465ee728b)  -> (artifact id: '2b7b6c91282bbe027176cbe56401b5d4') in 0.206575 seconds 
========================================================================
Received Import Request.
  Time since last request: 0.000296 seconds.
  path: Assets/player/player-Running.fbx
  artifactKey: Guid(fe59e76ab9e8e684ea7e2b584dad155d) Importer(815301076,1909f56bfc062723c751e8b465ee728b)
Start importing Assets/player/player-Running.fbx using Guid(fe59e76ab9e8e684ea7e2b584dad155d) Importer(815301076,1909f56bfc062723c751e8b465ee728b)  -> (artifact id: 'd4919c94263b85c8b7e8605501f19438') in 0.180180 seconds 
========================================================================
Received Import Request.
  Time since last request: 0.000274 seconds.
  path: Assets/player/jump.fbx
  artifactKey: Guid(82c3922bdaa767841b195d9a3d201477) Importer(815301076,1909f56bfc062723c751e8b465ee728b)
Start importing Assets/player/jump.fbx using Guid(82c3922bdaa767841b195d9a3d201477) Importer(815301076,1909f56bfc062723c751e8b465ee728b)  -> (artifact id: 'd2c424fd5e5098c9e217f42500316464') in 0.198619 seconds 
========================================================================
Received Import Request.
  Time since last request: 0.000326 seconds.
  path: Assets/player/player.fbx
  artifactKey: Guid(1c223d2afd191694c91d93a192895be6) Importer(815301076,1909f56bfc062723c751e8b465ee728b)
Start importing Assets/player/player.fbx using Guid(1c223d2afd191694c91d93a192895be6) Importer(815301076,1909f56bfc062723c751e8b465ee728b)  -> (artifact id: '518d4f194959c173ab23b6f46e45380b') in 0.206819 seconds 
========================================================================
Received Import Request.
  Time since last request: 0.000359 seconds.
  path: Assets/Scripts
  artifactKey: Guid(50d461a7c4fc9054a9041aad80ca3d1c) Importer(815301076,1909f56bfc062723c751e8b465ee728b)
Start importing Assets/Scripts using Guid(50d461a7c4fc9054a9041aad80ca3d1c) Importer(815301076,1909f56bfc062723c751e8b465ee728b)  -> (artifact id: 'c1533fbc610b1b6367a7cb83941e2818') in 0.013653 seconds 
========================================================================
Received Import Request.
  Time since last request: 0.000299 seconds.
  path: Assets/player/idle.fbx
  artifactKey: Guid(2a7b4fff645cc5444adedf2ecc30ff72) Importer(815301076,1909f56bfc062723c751e8b465ee728b)
Start importing Assets/player/idle.fbx using Guid(2a7b4fff645cc5444adedf2ecc30ff72) Importer(815301076,1909f56bfc062723c751e8b465ee728b)  -> (artifact id: 'f3298ea2597ff37054c5067e5e8cc811') in 0.194547 seconds 
========================================================================
Received Import Request.
  Time since last request: 0.960478 seconds.
  path: Assets/Scripts/PlayerController.cs
  artifactKey: Guid(5a111df6a10698341b64c6583a6c549a) Importer(815301076,1909f56bfc062723c751e8b465ee728b)
Start importing Assets/Scripts/PlayerController.cs using Guid(5a111df6a10698341b64c6583a6c549a) Importer(815301076,1909f56bfc062723c751e8b465ee728b)  -> (artifact id: '893a329fb09174b919549cab02344d5d') in 0.019672 seconds 
========================================================================
Received Import Request.
  Time since last request: 92.593078 seconds.
  path: Assets/player/player-anim.controller
  artifactKey: Guid(7becb37d8b5fef147a035908e51e04ee) Importer(815301076,1909f56bfc062723c751e8b465ee728b)
Start importing Assets/player/player-anim.controller using Guid(7becb37d8b5fef147a035908e51e04ee) Importer(815301076,1909f56bfc062723c751e8b465ee728b)  -> (artifact id: '62d45bd89cae6ed76fdc520f005c9a82') in 0.034192 seconds 
========================================================================
Received Prepare
Registering precompiled user dll's ...
Registered in 0.005801 seconds.
Begin MonoManager ReloadAssembly
Symbol file LoadedFromMemory doesn't match image D:\2022 UNITY DERS\ItsMyProject\Library\PackageCache\com.unity.visualscripting@1.7.8\Editor\VisualScripting.Core\Dependencies\YamlDotNet\Unity.VisualScripting.YamlDotNet.dll
Symbol file LoadedFromMemory doesn't match image D:\2022 UNITY DERS\ItsMyProject\Library\PackageCache\com.unity.visualscripting@1.7.8\Editor\VisualScripting.Core\Dependencies\DotNetZip\Unity.VisualScripting.IonicZip.dll
Native extension for WindowsStandalone target not found
Refreshing native plugins compatible for Editor in 0.89 ms, found 3 plugins.
Preloading 0 native plugins for Editor in 0.00 ms.
Mono: successfully reloaded assembly
- Completed reload, in  2.070 seconds
Domain Reload Profiling:
	ReloadAssembly (2071ms)
		BeginReloadAssembly (259ms)
			ExecutionOrderSort (0ms)
			DisableScriptedObjects (7ms)
			BackupInstance (0ms)
			ReleaseScriptingObjects (0ms)
			CreateAndSetChildDomain (111ms)
		EndReloadAssembly (1671ms)
			LoadAssemblies (204ms)
			RebuildTransferFunctionScriptingTraits (0ms)
			SetupTypeCache (544ms)
			ReleaseScriptCaches (2ms)
			RebuildScriptCaches (88ms)
			SetupLoadedEditorAssemblies (640ms)
				LogAssemblyErrors (0ms)
				InitializePlatformSupportModulesInManaged (7ms)
				SetLoadedEditorAssemblies (10ms)
				RefreshPlugins (1ms)
				BeforeProcessingInitializeOnLoad (190ms)
				ProcessInitializeOnLoadAttributes (396ms)
				ProcessInitializeOnLoadMethodAttributes (24ms)
				AfterProcessingInitializeOnLoad (10ms)
				EditorAssembliesLoaded (1ms)
			ExecutionOrderSort2 (0ms)
			AwakeInstancesAfterBackupRestoration (4ms)
Platform modules already initialized, skipping
Switching build target platform(19) subTarget(0) extendedPlatform(0) -> platform(13) subTarget(589824) extendedPlatform(0)
Refreshing native plugins compatible for Editor in 1.87 ms, found 3 plugins.
Preloading 0 native plugins for Editor in 0.00 ms.
Unloading 3478 Unused Serialized files (Serialized files now loaded: 0)
System memory in use before: 216.3 MB.
System memory in use after: 216.6 MB.

Unloading 17 unused Assets to reduce memory usage. Loaded Objects now: 3985.
Total: 5.728400 ms (FindLiveObjects: 0.429600 ms CreateObjectMapping: 0.113200 ms MarkObjects: 5.149500 ms  DeleteObjects: 0.033100 ms)

AssetImportParameters requested are different than current active one (requested -> active):
  custom:framework-win-MediaFoundation: 216162199b28c13a410421893ffa2e32 -> 
  custom:video-decoder-ogg-theora: a1e56fd34408186e4bbccfd4996cb3dc -> 
  custom:container-muxer-webm: aa71ff27fc2769a1b78a27578f13a17b -> 
  custom:container-demuxer-webm: 4f35f7cbe854078d1ac9338744f61a02 -> 
  custom:container-demuxer-ogg: 62fdf1f143b41e24485cea50d1cbac27 -> 
  custom:video-encoder-webm-vp8: eb34c28f22e8b96e1ab97ce403110664 -> 
  custom:video-decoder-webm-vp8: 9c59270c3fd7afecdb556c50c9e8de78 -> 
  custom:graphics/normal-map-encoding: 01000000000000000000000000000000 -> 02000000000000000000000000000000
  custom:audio-decoder-ogg-vorbis: bf7c407c2cedff20999df2af8eb42d56 -> 
  custom:audio-encoder-webm-vorbis: bf7c407c2cedff20999df2af8eb42d56 -> 
AssetImportWorkerClient::OnTransportError - code=2 error=End of file
